<?xml version="1.0" encoding="UTF-8"?>
<!-- Generated by org.testng.reporters.JUnitReportReporter -->
<testsuite skipped="0" hostname="DESKTOP-JD0GGRM" name="E2E2.validateNavigationBar" tests="1" failures="0" timestamp="2020-05-13T00:22:46 CDT" time="0.106" errors="0">
  <testcase name="getNavigation" time="0.106" classname="E2E2.validateNavigationBar"/>
</testsuite> <!-- E2E2.validateNavigationBar -->
