<?xml version="1.0" encoding="UTF-8"?>
<!-- Generated by org.testng.reporters.JUnitReportReporter -->
<testsuite skipped="0" hostname="DESKTOP-JD0GGRM" name="E2E2.HomePage" tests="2" failures="0" timestamp="2020-05-13T19:25:08 CDT" time="22.360" errors="0">
  <testcase name="HomePageNavigation" time="14.764" classname="E2E2.HomePage"/>
  <testcase name="HomePageNavigation" time="7.596" classname="E2E2.HomePage"/>
</testsuite> <!-- E2E2.HomePage -->
