<?xml version="1.0" encoding="UTF-8"?>
<!-- Generated by org.testng.reporters.JUnitReportReporter -->
<testsuite skipped="0" hostname="DESKTOP-JD0GGRM" name="E2E2.HomePageTest" tests="2" failures="0" timestamp="2020-06-12T22:37:01 CDT" time="19.664" errors="0">
  <testcase name="HomePageNavigation" time="6.715" classname="E2E2.HomePageTest"/>
  <system-out/>
  <testcase name="HomePageNavigation" time="12.949" classname="E2E2.HomePageTest"/>
  <system-out/>
</testsuite> <!-- E2E2.HomePageTest -->
