<?xml version="1.0" encoding="UTF-8"?>
<!-- Generated by org.testng.reporters.JUnitReportReporter -->
<testsuite skipped="0" hostname="DESKTOP-JD0GGRM" name="E2E2.validateTitleTest" tests="1" failures="0" timestamp="2020-06-12T22:37:01 CDT" time="0.153" errors="0">
  <testcase name="getTitle" time="0.153" classname="E2E2.validateTitleTest"/>
  <system-out/>
</testsuite> <!-- E2E2.validateTitleTest -->
