<?xml version="1.0" encoding="UTF-8"?>
<!-- Generated by org.testng.reporters.JUnitReportReporter -->
<testsuite skipped="0" hostname="DESKTOP-JD0GGRM" name="E2E2.validateTitle" tests="1" failures="0" timestamp="2020-05-13T00:22:46 CDT" time="0.058" errors="0">
  <testcase name="getTitle" time="0.058" classname="E2E2.validateTitle"/>
</testsuite> <!-- E2E2.validateTitle -->
