<?xml version="1.0" encoding="UTF-8"?>
<!-- Generated by org.testng.reporters.JUnitReportReporter -->
<testsuite hostname="DESKTOP-JD0GGRM" failures="0" tests="1" name="E2E2.validateTitle" time="0.075" errors="0" timestamp="2020-05-11T20:07:37 CDT" skipped="0">
  <testcase classname="E2E2.validateTitle" name="getTitle" time="0.075"/>
  <system-out/>
</testsuite> <!-- E2E2.validateTitle -->
