<?xml version="1.0" encoding="UTF-8"?>
<!-- Generated by org.testng.reporters.JUnitReportReporter -->
<testsuite hostname="DESKTOP-JD0GGRM" failures="0" tests="2" name="E2E2.HomePage" time="17.994" errors="0" timestamp="2020-05-13T00:29:39 CDT" skipped="0">
  <testcase classname="E2E2.HomePage" name="HomePageNavigation" time="5.014"/>
  <system-out/>
  <testcase classname="E2E2.HomePage" name="HomePageNavigation" time="12.980"/>
  <system-out/>
</testsuite> <!-- E2E2.HomePage -->
