<?xml version="1.0" encoding="UTF-8"?>
<!-- Generated by org.testng.reporters.JUnitReportReporter -->
<testsuite hostname="DESKTOP-JD0GGRM" failures="0" tests="2" name="E2E2.HomePageTest" time="31.413" errors="0" timestamp="2020-05-26T17:30:22 CDT" skipped="0">
  <testcase classname="E2E2.HomePageTest" name="HomePageNavigation" time="19.566"/>
  <system-out/>
  <testcase classname="E2E2.HomePageTest" name="HomePageNavigation" time="11.847"/>
  <system-out/>
</testsuite> <!-- E2E2.HomePageTest -->
